<?xml version="1.0" encoding="UTF-8" standalone="yes"?>
<ns2:test-suite start="1532242476635" stop="1532242781905" version="1.5.3" xmlns:ns2="urn:model.allure.qatools.yandex.ru">
    <name>Default Suite : NovaPoshta_AT</name>
    <title>Default Suite : NovaPoshta_AT</title>
    <test-cases>
        <test-case start="1532242543339" stop="1532242545963" status="passed">
            <name>assertHeading</name>
            <steps/>
            <attachments/>
            <labels>
                <label name="testSuite" value="Default Suite"/>
                <label name="testGroup" value="NovaPoshta_AT"/>
                <label name="testClass" value="ua.home.NovaPoshtaTest.DeliveryPageTests"/>
                <label name="testMethod" value="assertHeading"/>
                <label name="host" value="MyNote"/>
                <label name="thread" value="10188@MyNote.main(1)"/>
            </labels>
        </test-case>
        <test-case start="1532242547201" stop="1532242557840" status="passed">
            <name>clearAllFields</name>
            <steps/>
            <attachments/>
            <labels>
                <label name="testSuite" value="Default Suite"/>
                <label name="testGroup" value="NovaPoshta_AT"/>
                <label name="testClass" value="ua.home.NovaPoshtaTest.DeliveryPageTests"/>
                <label name="testMethod" value="clearAllFields"/>
                <label name="host" value="MyNote"/>
                <label name="thread" value="10188@MyNote.main(1)"/>
            </labels>
        </test-case>
        <test-case start="1532242559373" stop="1532242567607" status="passed">
            <name>clickDelivaryButton</name>
            <steps/>
            <attachments/>
            <labels>
                <label name="testSuite" value="Default Suite"/>
                <label name="testGroup" value="NovaPoshta_AT"/>
                <label name="testClass" value="ua.home.NovaPoshtaTest.DeliveryPageTests"/>
                <label name="testMethod" value="clickDelivaryButton"/>
                <label name="host" value="MyNote"/>
                <label name="thread" value="10188@MyNote.main(1)"/>
            </labels>
        </test-case>
        <test-case start="1532242569232" stop="1532242585110" status="passed">
            <name>inputFormAllFieldValid</name>
            <steps/>
            <attachments/>
            <labels>
                <label name="testSuite" value="Default Suite"/>
                <label name="testGroup" value="NovaPoshta_AT"/>
                <label name="testClass" value="ua.home.NovaPoshtaTest.DeliveryPageTests"/>
                <label name="testMethod" value="inputFormAllFieldValid"/>
                <label name="host" value="MyNote"/>
                <label name="thread" value="10188@MyNote.main(1)"/>
            </labels>
        </test-case>
        <test-case start="1532242587138" stop="1532242592999" status="passed">
            <name>inputNullFieldDepth</name>
            <steps/>
            <attachments/>
            <labels>
                <label name="testSuite" value="Default Suite"/>
                <label name="testGroup" value="NovaPoshta_AT"/>
                <label name="testClass" value="ua.home.NovaPoshtaTest.DeliveryPageTests"/>
                <label name="testMethod" value="inputNullFieldDepth"/>
                <label name="host" value="MyNote"/>
                <label name="thread" value="10188@MyNote.main(1)"/>
            </labels>
        </test-case>
        <test-case start="1532242594803" stop="1532242601620" status="passed">
            <name>inputNullFieldHeight</name>
            <steps/>
            <attachments/>
            <labels>
                <label name="testSuite" value="Default Suite"/>
                <label name="testGroup" value="NovaPoshta_AT"/>
                <label name="testClass" value="ua.home.NovaPoshtaTest.DeliveryPageTests"/>
                <label name="testMethod" value="inputNullFieldHeight"/>
                <label name="host" value="MyNote"/>
                <label name="thread" value="10188@MyNote.main(1)"/>
            </labels>
        </test-case>
        <test-case start="1532242603486" stop="1532242620604" status="failed">
            <name>inputNullFieldPrice</name>
            <failure>
                <message>AssertionError: expected [false] but found [true]</message>
                <stack-trace>java.lang.AssertionError: expected [false] but found [true]
	at org.testng.Assert.fail(Assert.java:96)
	at org.testng.Assert.failNotEquals(Assert.java:776)
	at org.testng.Assert.assertEqualsImpl(Assert.java:137)
	at org.testng.Assert.assertEquals(Assert.java:118)
	at org.testng.Assert.assertEquals(Assert.java:568)
	at org.testng.Assert.assertEquals(Assert.java:578)
	at ua.home.NovaPoshtaTest.DeliveryPageTests.inputNullFieldPrice(DeliveryPageTests.java:114)
	at sun.reflect.NativeMethodAccessorImpl.invoke0(Native Method)
	at sun.reflect.NativeMethodAccessorImpl.invoke(NativeMethodAccessorImpl.java:62)
	at sun.reflect.DelegatingMethodAccessorImpl.invoke(DelegatingMethodAccessorImpl.java:43)
	at java.lang.reflect.Method.invoke(Method.java:498)
	at org.testng.internal.MethodInvocationHelper.invokeMethod(MethodInvocationHelper.java:124)
	at org.testng.internal.Invoker.invokeMethod(Invoker.java:583)
	at org.testng.internal.Invoker.invokeTestMethod(Invoker.java:719)
	at org.testng.internal.Invoker.invokeTestMethods(Invoker.java:989)
	at org.testng.internal.TestMethodWorker.invokeTestMethods(TestMethodWorker.java:125)
	at org.testng.internal.TestMethodWorker.run(TestMethodWorker.java:109)
	at org.testng.TestRunner.privateRun(TestRunner.java:648)
	at org.testng.TestRunner.run(TestRunner.java:505)
	at org.testng.SuiteRunner.runTest(SuiteRunner.java:455)
	at org.testng.SuiteRunner.runSequentially(SuiteRunner.java:450)
	at org.testng.SuiteRunner.privateRun(SuiteRunner.java:415)
	at org.testng.SuiteRunner.run(SuiteRunner.java:364)
	at org.testng.SuiteRunnerWorker.runSuite(SuiteRunnerWorker.java:52)
	at org.testng.SuiteRunnerWorker.run(SuiteRunnerWorker.java:84)
	at org.testng.TestNG.runSuitesSequentially(TestNG.java:1208)
	at org.testng.TestNG.runSuitesLocally(TestNG.java:1137)
	at org.testng.TestNG.runSuites(TestNG.java:1049)
	at org.testng.TestNG.run(TestNG.java:1017)
	at org.testng.IDEARemoteTestNG.run(IDEARemoteTestNG.java:72)
	at org.testng.RemoteTestNGStarter.main(RemoteTestNGStarter.java:123)
</stack-trace>
            </failure>
            <steps/>
            <attachments/>
            <labels>
                <label name="testSuite" value="Default Suite"/>
                <label name="testGroup" value="NovaPoshta_AT"/>
                <label name="testClass" value="ua.home.NovaPoshtaTest.DeliveryPageTests"/>
                <label name="testMethod" value="inputNullFieldPrice"/>
                <label name="host" value="MyNote"/>
                <label name="thread" value="10188@MyNote.main(1)"/>
            </labels>
        </test-case>
        <test-case start="1532242622316" stop="1532242628580" status="passed">
            <name>inputNullFieldWeght</name>
            <steps/>
            <attachments/>
            <labels>
                <label name="testSuite" value="Default Suite"/>
                <label name="testGroup" value="NovaPoshta_AT"/>
                <label name="testClass" value="ua.home.NovaPoshtaTest.DeliveryPageTests"/>
                <label name="testMethod" value="inputNullFieldWeght"/>
                <label name="host" value="MyNote"/>
                <label name="thread" value="10188@MyNote.main(1)"/>
            </labels>
        </test-case>
        <test-case start="1532242631377" stop="1532242637908" status="passed">
            <name>inputNullFieldWidth</name>
            <steps/>
            <attachments/>
            <labels>
                <label name="testSuite" value="Default Suite"/>
                <label name="testGroup" value="NovaPoshta_AT"/>
                <label name="testClass" value="ua.home.NovaPoshtaTest.DeliveryPageTests"/>
                <label name="testMethod" value="inputNullFieldWidth"/>
                <label name="host" value="MyNote"/>
                <label name="thread" value="10188@MyNote.main(1)"/>
            </labels>
        </test-case>
        <test-case start="1532242640731" stop="1532242654884" status="broken">
            <name>notInputFieldSenderCity</name>
            <failure>
                <message>ElementNotVisibleException: Element is not currently visible and so may not be interacted with
Command duration or timeout: 10.14 seconds
Build info: version: '2.53.0', revision: '35ae25b1534ae328c771e0856c93e187490ca824', time: '2016-03-15 10:43:46'
System info: host: 'MyNote', ip: '192.168.0.104', os.name: 'Windows 8', os.arch: 'amd64', os.version: '6.2', java.version: '1.8.0_111'
Driver info: org.openqa.selenium.firefox.FirefoxDriver
Capabilities [{applicationCacheEnabled=true, rotatable=false, handlesAlerts=true, databaseEnabled=true, version=45.4.0, platform=WINDOWS, nativeEvents=false, acceptSslCerts=true, webStorageEnabled=true, locationContextEnabled=true, browserName=firefox, takesScreenshot=true, javascriptEnabled=true, cssSelectorsEnabled=true}]
Session ID: 9a9a3991-bb71-4740-b435-20cca0cb61c5</message>
                <stack-trace>org.openqa.selenium.ElementNotVisibleException: Element is not currently visible and so may not be interacted with
Command duration or timeout: 10.14 seconds
Build info: version: '2.53.0', revision: '35ae25b1534ae328c771e0856c93e187490ca824', time: '2016-03-15 10:43:46'
System info: host: 'MyNote', ip: '192.168.0.104', os.name: 'Windows 8', os.arch: 'amd64', os.version: '6.2', java.version: '1.8.0_111'
Driver info: org.openqa.selenium.firefox.FirefoxDriver
Capabilities [{applicationCacheEnabled=true, rotatable=false, handlesAlerts=true, databaseEnabled=true, version=45.4.0, platform=WINDOWS, nativeEvents=false, acceptSslCerts=true, webStorageEnabled=true, locationContextEnabled=true, browserName=firefox, takesScreenshot=true, javascriptEnabled=true, cssSelectorsEnabled=true}]
Session ID: 9a9a3991-bb71-4740-b435-20cca0cb61c5
	at sun.reflect.NativeConstructorAccessorImpl.newInstance0(Native Method)
	at sun.reflect.NativeConstructorAccessorImpl.newInstance(NativeConstructorAccessorImpl.java:62)
	at sun.reflect.DelegatingConstructorAccessorImpl.newInstance(DelegatingConstructorAccessorImpl.java:45)
	at java.lang.reflect.Constructor.newInstance(Constructor.java:423)
	at org.openqa.selenium.remote.ErrorHandler.createThrowable(ErrorHandler.java:206)
	at org.openqa.selenium.remote.ErrorHandler.throwIfResponseFailed(ErrorHandler.java:158)
	at org.openqa.selenium.remote.RemoteWebDriver.execute(RemoteWebDriver.java:678)
	at org.openqa.selenium.remote.RemoteWebElement.execute(RemoteWebElement.java:327)
	at org.openqa.selenium.remote.RemoteWebElement.click(RemoteWebElement.java:85)
	at ua.home.NovaPoshta.DeliveryPageNP.inputRoute(DeliveryPageNP.java:64)
	at ua.home.NovaPoshta.DeliveryPageNP.inputFormAll(DeliveryPageNP.java:30)
	at ua.home.NovaPoshtaTest.DeliveryPageTests.notInputFieldSenderCity(DeliveryPageTests.java:77)
	at sun.reflect.NativeMethodAccessorImpl.invoke0(Native Method)
	at sun.reflect.NativeMethodAccessorImpl.invoke(NativeMethodAccessorImpl.java:62)
	at sun.reflect.DelegatingMethodAccessorImpl.invoke(DelegatingMethodAccessorImpl.java:43)
	at java.lang.reflect.Method.invoke(Method.java:498)
	at org.testng.internal.MethodInvocationHelper.invokeMethod(MethodInvocationHelper.java:124)
	at org.testng.internal.Invoker.invokeMethod(Invoker.java:583)
	at org.testng.internal.Invoker.invokeTestMethod(Invoker.java:719)
	at org.testng.internal.Invoker.invokeTestMethods(Invoker.java:989)
	at org.testng.internal.TestMethodWorker.invokeTestMethods(TestMethodWorker.java:125)
	at org.testng.internal.TestMethodWorker.run(TestMethodWorker.java:109)
	at org.testng.TestRunner.privateRun(TestRunner.java:648)
	at org.testng.TestRunner.run(TestRunner.java:505)
	at org.testng.SuiteRunner.runTest(SuiteRunner.java:455)
	at org.testng.SuiteRunner.runSequentially(SuiteRunner.java:450)
	at org.testng.SuiteRunner.privateRun(SuiteRunner.java:415)
	at org.testng.SuiteRunner.run(SuiteRunner.java:364)
	at org.testng.SuiteRunnerWorker.runSuite(SuiteRunnerWorker.java:52)
	at org.testng.SuiteRunnerWorker.run(SuiteRunnerWorker.java:84)
	at org.testng.TestNG.runSuitesSequentially(TestNG.java:1208)
	at org.testng.TestNG.runSuitesLocally(TestNG.java:1137)
	at org.testng.TestNG.runSuites(TestNG.java:1049)
	at org.testng.TestNG.run(TestNG.java:1017)
	at org.testng.IDEARemoteTestNG.run(IDEARemoteTestNG.java:72)
	at org.testng.RemoteTestNGStarter.main(RemoteTestNGStarter.java:123)
Caused by: org.openqa.selenium.ElementNotVisibleException: Element is not currently visible and so may not be interacted with
Build info: version: '2.53.0', revision: '35ae25b1534ae328c771e0856c93e187490ca824', time: '2016-03-15 10:43:46'
System info: host: 'MyNote', ip: '192.168.0.104', os.name: 'Windows 8', os.arch: 'amd64', os.version: '6.2', java.version: '1.8.0_111'
Driver info: driver.version: unknown
	at &lt;anonymous class&gt;.fxdriver.preconditions.visible(file:///C:/Users/Leon/AppData/Local/Temp/anonymous9074724331201630866webdriver-profile/extensions/fxdriver@googlecode.com/components/command-processor.js:10092)
	at &lt;anonymous class&gt;.DelayedCommand.prototype.checkPreconditions_(file:///C:/Users/Leon/AppData/Local/Temp/anonymous9074724331201630866webdriver-profile/extensions/fxdriver@googlecode.com/components/command-processor.js:12644)
	at &lt;anonymous class&gt;.DelayedCommand.prototype.executeInternal_/h(file:///C:/Users/Leon/AppData/Local/Temp/anonymous9074724331201630866webdriver-profile/extensions/fxdriver@googlecode.com/components/command-processor.js:12661)
	at &lt;anonymous class&gt;.fxdriver.Timer.prototype.setTimeout/&lt;.notify(file:///C:/Users/Leon/AppData/Local/Temp/anonymous9074724331201630866webdriver-profile/extensions/fxdriver@googlecode.com/components/command-processor.js:625)
</stack-trace>
            </failure>
            <steps/>
            <attachments/>
            <labels>
                <label name="testSuite" value="Default Suite"/>
                <label name="testGroup" value="NovaPoshta_AT"/>
                <label name="testClass" value="ua.home.NovaPoshtaTest.DeliveryPageTests"/>
                <label name="testMethod" value="notInputFieldSenderCity"/>
                <label name="host" value="MyNote"/>
                <label name="thread" value="10188@MyNote.main(1)"/>
            </labels>
        </test-case>
        <test-case start="1532242683631" stop="1532242686752" status="passed">
            <name>assertHeading</name>
            <steps/>
            <attachments/>
            <labels>
                <label name="testSuite" value="Default Suite"/>
                <label name="testGroup" value="NovaPoshta_AT"/>
                <label name="testClass" value="ua.home.NovaPoshtaTest.EstimatedatePageTests"/>
                <label name="testMethod" value="assertHeading"/>
                <label name="host" value="MyNote"/>
                <label name="thread" value="10188@MyNote.main(1)"/>
            </labels>
        </test-case>
        <test-case start="1532242688366" stop="1532242690193" status="passed">
            <name>calcDateEmptyAllField</name>
            <steps/>
            <attachments/>
            <labels>
                <label name="testSuite" value="Default Suite"/>
                <label name="testGroup" value="NovaPoshta_AT"/>
                <label name="testClass" value="ua.home.NovaPoshtaTest.EstimatedatePageTests"/>
                <label name="testMethod" value="calcDateEmptyAllField"/>
                <label name="host" value="MyNote"/>
                <label name="thread" value="10188@MyNote.main(1)"/>
            </labels>
        </test-case>
        <test-case start="1532242691349" stop="1532242697520" status="passed">
            <name>calcDateEstimate</name>
            <steps/>
            <attachments/>
            <labels>
                <label name="testSuite" value="Default Suite"/>
                <label name="testGroup" value="NovaPoshta_AT"/>
                <label name="testClass" value="ua.home.NovaPoshtaTest.EstimatedatePageTests"/>
                <label name="testMethod" value="calcDateEstimate"/>
                <label name="host" value="MyNote"/>
                <label name="thread" value="10188@MyNote.main(1)"/>
            </labels>
        </test-case>
        <test-case start="1532242698722" stop="1532242703909" status="passed">
            <name>clearAllField</name>
            <steps/>
            <attachments/>
            <labels>
                <label name="testSuite" value="Default Suite"/>
                <label name="testGroup" value="NovaPoshta_AT"/>
                <label name="testClass" value="ua.home.NovaPoshtaTest.EstimatedatePageTests"/>
                <label name="testMethod" value="clearAllField"/>
                <label name="host" value="MyNote"/>
                <label name="thread" value="10188@MyNote.main(1)"/>
            </labels>
        </test-case>
        <test-case start="1532242704989" stop="1532242711418" status="passed">
            <name>enterAllFieldForm</name>
            <steps/>
            <attachments/>
            <labels>
                <label name="testSuite" value="Default Suite"/>
                <label name="testGroup" value="NovaPoshta_AT"/>
                <label name="testClass" value="ua.home.NovaPoshtaTest.EstimatedatePageTests"/>
                <label name="testMethod" value="enterAllFieldForm"/>
                <label name="host" value="MyNote"/>
                <label name="thread" value="10188@MyNote.main(1)"/>
            </labels>
        </test-case>
        <test-case start="1532242713073" stop="1532242715921" status="passed">
            <name>enterRecipientCity</name>
            <steps/>
            <attachments/>
            <labels>
                <label name="testSuite" value="Default Suite"/>
                <label name="testGroup" value="NovaPoshta_AT"/>
                <label name="testClass" value="ua.home.NovaPoshtaTest.EstimatedatePageTests"/>
                <label name="testMethod" value="enterRecipientCity"/>
                <label name="host" value="MyNote"/>
                <label name="thread" value="10188@MyNote.main(1)"/>
            </labels>
        </test-case>
        <test-case start="1532242717768" stop="1532242720808" status="passed">
            <name>enterSenderCity</name>
            <steps/>
            <attachments/>
            <labels>
                <label name="testSuite" value="Default Suite"/>
                <label name="testGroup" value="NovaPoshta_AT"/>
                <label name="testClass" value="ua.home.NovaPoshtaTest.EstimatedatePageTests"/>
                <label name="testMethod" value="enterSenderCity"/>
                <label name="host" value="MyNote"/>
                <label name="thread" value="10188@MyNote.main(1)"/>
            </labels>
        </test-case>
        <test-case start="1532242721936" stop="1532242723958" status="passed">
            <name>enterServiceType</name>
            <steps/>
            <attachments/>
            <labels>
                <label name="testSuite" value="Default Suite"/>
                <label name="testGroup" value="NovaPoshta_AT"/>
                <label name="testClass" value="ua.home.NovaPoshtaTest.EstimatedatePageTests"/>
                <label name="testMethod" value="enterServiceType"/>
                <label name="host" value="MyNote"/>
                <label name="thread" value="10188@MyNote.main(1)"/>
            </labels>
        </test-case>
        <test-case start="1532242743084" stop="1532242748704" status="passed">
            <name>clickLinkDelivery</name>
            <steps/>
            <attachments/>
            <labels>
                <label name="testSuite" value="Default Suite"/>
                <label name="testGroup" value="NovaPoshta_AT"/>
                <label name="testClass" value="ua.home.NovaPoshtaTest.MainPageNPTests"/>
                <label name="testMethod" value="clickLinkDelivery"/>
                <label name="host" value="MyNote"/>
                <label name="thread" value="10188@MyNote.main(1)"/>
            </labels>
        </test-case>
        <test-case start="1532242749296" stop="1532242751464" status="passed">
            <name>clickLinkEstimateDate</name>
            <steps/>
            <attachments/>
            <labels>
                <label name="testSuite" value="Default Suite"/>
                <label name="testGroup" value="NovaPoshta_AT"/>
                <label name="testClass" value="ua.home.NovaPoshtaTest.MainPageNPTests"/>
                <label name="testMethod" value="clickLinkEstimateDate"/>
                <label name="host" value="MyNote"/>
                <label name="thread" value="10188@MyNote.main(1)"/>
            </labels>
        </test-case>
        <test-case start="1532242752079" stop="1532242772824" status="passed">
            <name>clickLinkOffice</name>
            <steps/>
            <attachments/>
            <labels>
                <label name="testSuite" value="Default Suite"/>
                <label name="testGroup" value="NovaPoshta_AT"/>
                <label name="testClass" value="ua.home.NovaPoshtaTest.MainPageNPTests"/>
                <label name="testMethod" value="clickLinkOffice"/>
                <label name="host" value="MyNote"/>
                <label name="thread" value="10188@MyNote.main(1)"/>
            </labels>
        </test-case>
        <test-case start="1532242773807" stop="1532242776100" status="passed">
            <name>clickLinkOnlineOrder</name>
            <steps/>
            <attachments/>
            <labels>
                <label name="testSuite" value="Default Suite"/>
                <label name="testGroup" value="NovaPoshta_AT"/>
                <label name="testClass" value="ua.home.NovaPoshtaTest.MainPageNPTests"/>
                <label name="testMethod" value="clickLinkOnlineOrder"/>
                <label name="host" value="MyNote"/>
                <label name="thread" value="10188@MyNote.main(1)"/>
            </labels>
        </test-case>
        <test-case start="1532242776704" stop="1532242778465" status="passed">
            <name>clickLinkTimeTable</name>
            <steps/>
            <attachments/>
            <labels>
                <label name="testSuite" value="Default Suite"/>
                <label name="testGroup" value="NovaPoshta_AT"/>
                <label name="testClass" value="ua.home.NovaPoshtaTest.MainPageNPTests"/>
                <label name="testMethod" value="clickLinkTimeTable"/>
                <label name="host" value="MyNote"/>
                <label name="thread" value="10188@MyNote.main(1)"/>
            </labels>
        </test-case>
    </test-cases>
    <labels>
        <label name="framework" value="TestNG"/>
        <label name="language" value="JAVA"/>
    </labels>
</ns2:test-suite>
